2025-10-17 00:16:59,717 - __main__ - INFO - === Trading Data Ingestion ===
2025-10-17 00:16:59,717 - __main__ - INFO - Source: all
2025-10-17 00:16:59,717 - __main__ - INFO - Days: 90
2025-10-17 00:16:59,718 - __main__ - INFO - Normalize: False
2025-10-17 00:16:59,718 - __main__ - INFO - Starting politician ingestion for 90 days
2025-10-17 00:16:59,718 - ingester.quiver_politician - WARNING - No Quiver API key found - will skip Quiver ingestion
2025-10-17 00:16:59,718 - __main__ - ERROR - Politician ingestion failed: name 'logging' is not defined
2025-10-17 00:16:59,718 - __main__ - INFO - Starting SEC ingestion for 7 days
2025-10-17 00:16:59,718 - ingester.sec_edgar - INFO - Starting SEC ingestion for 7 days
2025-10-17 00:16:59,718 - ingester.sec_edgar - INFO - Starting sec_edgar ingestion in recent mode
2025-10-17 00:17:00,161 - ingester.sec_edgar - ERROR - Request failed: https://data.sec.gov/Archives/edgar/daily-index/2025/QTR4/master.20251010.idx - 404 Client Error: Not Found for url: https://data.sec.gov/Archives/edgar/daily-index/2025/QTR4/master.20251010.idx
2025-10-17 00:17:00,161 - ingester.sec_edgar - WARNING - Failed to get daily index for 2025-10-10: Request failed: 404 Client Error: Not Found for url: https://data.sec.gov/Archives/edgar/daily-index/2025/QTR4/master.20251010.idx
2025-10-17 00:17:05,794 - ingester.sec_edgar - ERROR - Request failed: https://data.sec.gov/Archives/edgar/daily-index/2025/QTR4/master.20251011.idx - 404 Client Error: Not Found for url: https://data.sec.gov/Archives/edgar/daily-index/2025/QTR4/master.20251011.idx
2025-10-17 00:17:05,794 - ingester.sec_edgar - WARNING - Failed to get daily index for 2025-10-11: Request failed: 404 Client Error: Not Found for url: https://data.sec.gov/Archives/edgar/daily-index/2025/QTR4/master.20251011.idx
2025-10-17 00:17:11,790 - ingester.sec_edgar - ERROR - Request failed: https://data.sec.gov/Archives/edgar/daily-index/2025/QTR4/master.20251012.idx - 404 Client Error: Not Found for url: https://data.sec.gov/Archives/edgar/daily-index/2025/QTR4/master.20251012.idx
2025-10-17 00:17:11,790 - ingester.sec_edgar - WARNING - Failed to get daily index for 2025-10-12: Request failed: 404 Client Error: Not Found for url: https://data.sec.gov/Archives/edgar/daily-index/2025/QTR4/master.20251012.idx
2025-10-17 00:17:17,842 - ingester.sec_edgar - ERROR - Request failed: https://data.sec.gov/Archives/edgar/daily-index/2025/QTR4/master.20251013.idx - 404 Client Error: Not Found for url: https://data.sec.gov/Archives/edgar/daily-index/2025/QTR4/master.20251013.idx
2025-10-17 00:17:17,842 - ingester.sec_edgar - WARNING - Failed to get daily index for 2025-10-13: Request failed: 404 Client Error: Not Found for url: https://data.sec.gov/Archives/edgar/daily-index/2025/QTR4/master.20251013.idx
2025-10-17 00:17:23,814 - ingester.sec_edgar - ERROR - Request failed: https://data.sec.gov/Archives/edgar/daily-index/2025/QTR4/master.20251014.idx - 404 Client Error: Not Found for url: https://data.sec.gov/Archives/edgar/daily-index/2025/QTR4/master.20251014.idx
2025-10-17 00:17:23,815 - ingester.sec_edgar - WARNING - Failed to get daily index for 2025-10-14: Request failed: 404 Client Error: Not Found for url: https://data.sec.gov/Archives/edgar/daily-index/2025/QTR4/master.20251014.idx
2025-10-17 00:17:29,809 - ingester.sec_edgar - ERROR - Request failed: https://data.sec.gov/Archives/edgar/daily-index/2025/QTR4/master.20251015.idx - 404 Client Error: Not Found for url: https://data.sec.gov/Archives/edgar/daily-index/2025/QTR4/master.20251015.idx
2025-10-17 00:17:29,810 - ingester.sec_edgar - WARNING - Failed to get daily index for 2025-10-15: Request failed: 404 Client Error: Not Found for url: https://data.sec.gov/Archives/edgar/daily-index/2025/QTR4/master.20251015.idx
2025-10-17 00:17:35,804 - ingester.sec_edgar - ERROR - Request failed: https://data.sec.gov/Archives/edgar/daily-index/2025/QTR4/master.20251016.idx - 404 Client Error: Not Found for url: https://data.sec.gov/Archives/edgar/daily-index/2025/QTR4/master.20251016.idx
2025-10-17 00:17:35,805 - ingester.sec_edgar - WARNING - Failed to get daily index for 2025-10-16: Request failed: 404 Client Error: Not Found for url: https://data.sec.gov/Archives/edgar/daily-index/2025/QTR4/master.20251016.idx
2025-10-17 00:17:41,817 - ingester.sec_edgar - ERROR - Request failed: https://data.sec.gov/Archives/edgar/daily-index/2025/QTR4/master.20251017.idx - 404 Client Error: Not Found for url: https://data.sec.gov/Archives/edgar/daily-index/2025/QTR4/master.20251017.idx
2025-10-17 00:17:41,819 - ingester.sec_edgar - WARNING - Failed to get daily index for 2025-10-17: Request failed: 404 Client Error: Not Found for url: https://data.sec.gov/Archives/edgar/daily-index/2025/QTR4/master.20251017.idx
2025-10-17 00:17:41,819 - ingester.sec_edgar - INFO - Ingestion completed: 0/0 trades collected in 42.1 seconds
2025-10-17 00:17:41,837 - src.database.connection - INFO - Database engine initialized with URL: sqlite:////Users/natewier/Projects/trading-app/data/trading_app.db
2025-10-17 00:17:47,819 - ingester.sec_edgar - ERROR - Request failed: https://data.sec.gov/Archives/edgar/daily-index/2025/QTR4/master.20251010.idx - 404 Client Error: Not Found for url: https://data.sec.gov/Archives/edgar/daily-index/2025/QTR4/master.20251010.idx
2025-10-17 00:17:47,819 - ingester.sec_edgar - WARNING - Failed to get daily index for 2025-10-10: Request failed: 404 Client Error: Not Found for url: https://data.sec.gov/Archives/edgar/daily-index/2025/QTR4/master.20251010.idx
2025-10-17 00:17:53,822 - ingester.sec_edgar - ERROR - Request failed: https://data.sec.gov/Archives/edgar/daily-index/2025/QTR4/master.20251011.idx - 404 Client Error: Not Found for url: https://data.sec.gov/Archives/edgar/daily-index/2025/QTR4/master.20251011.idx
2025-10-17 00:17:53,823 - ingester.sec_edgar - WARNING - Failed to get daily index for 2025-10-11: Request failed: 404 Client Error: Not Found for url: https://data.sec.gov/Archives/edgar/daily-index/2025/QTR4/master.20251011.idx
2025-10-17 00:17:59,850 - ingester.sec_edgar - ERROR - Request failed: https://data.sec.gov/Archives/edgar/daily-index/2025/QTR4/master.20251012.idx - 404 Client Error: Not Found for url: https://data.sec.gov/Archives/edgar/daily-index/2025/QTR4/master.20251012.idx
2025-10-17 00:17:59,850 - ingester.sec_edgar - WARNING - Failed to get daily index for 2025-10-12: Request failed: 404 Client Error: Not Found for url: https://data.sec.gov/Archives/edgar/daily-index/2025/QTR4/master.20251012.idx
2025-10-17 00:18:05,836 - ingester.sec_edgar - ERROR - Request failed: https://data.sec.gov/Archives/edgar/daily-index/2025/QTR4/master.20251013.idx - 404 Client Error: Not Found for url: https://data.sec.gov/Archives/edgar/daily-index/2025/QTR4/master.20251013.idx
2025-10-17 00:18:05,836 - ingester.sec_edgar - WARNING - Failed to get daily index for 2025-10-13: Request failed: 404 Client Error: Not Found for url: https://data.sec.gov/Archives/edgar/daily-index/2025/QTR4/master.20251013.idx
2025-10-17 00:18:11,881 - ingester.sec_edgar - ERROR - Request failed: https://data.sec.gov/Archives/edgar/daily-index/2025/QTR4/master.20251014.idx - 404 Client Error: Not Found for url: https://data.sec.gov/Archives/edgar/daily-index/2025/QTR4/master.20251014.idx
2025-10-17 00:18:11,882 - ingester.sec_edgar - WARNING - Failed to get daily index for 2025-10-14: Request failed: 404 Client Error: Not Found for url: https://data.sec.gov/Archives/edgar/daily-index/2025/QTR4/master.20251014.idx
2025-10-17 00:18:17,888 - ingester.sec_edgar - ERROR - Request failed: https://data.sec.gov/Archives/edgar/daily-index/2025/QTR4/master.20251015.idx - 404 Client Error: Not Found for url: https://data.sec.gov/Archives/edgar/daily-index/2025/QTR4/master.20251015.idx
2025-10-17 00:18:17,888 - ingester.sec_edgar - WARNING - Failed to get daily index for 2025-10-15: Request failed: 404 Client Error: Not Found for url: https://data.sec.gov/Archives/edgar/daily-index/2025/QTR4/master.20251015.idx
2025-10-17 00:18:23,845 - ingester.sec_edgar - ERROR - Request failed: https://data.sec.gov/Archives/edgar/daily-index/2025/QTR4/master.20251016.idx - 404 Client Error: Not Found for url: https://data.sec.gov/Archives/edgar/daily-index/2025/QTR4/master.20251016.idx
2025-10-17 00:18:23,846 - ingester.sec_edgar - WARNING - Failed to get daily index for 2025-10-16: Request failed: 404 Client Error: Not Found for url: https://data.sec.gov/Archives/edgar/daily-index/2025/QTR4/master.20251016.idx
2025-10-17 00:18:29,952 - ingester.sec_edgar - ERROR - Request failed: https://data.sec.gov/Archives/edgar/daily-index/2025/QTR4/master.20251017.idx - 404 Client Error: Not Found for url: https://data.sec.gov/Archives/edgar/daily-index/2025/QTR4/master.20251017.idx
2025-10-17 00:18:29,952 - ingester.sec_edgar - WARNING - Failed to get daily index for 2025-10-17: Request failed: 404 Client Error: Not Found for url: https://data.sec.gov/Archives/edgar/daily-index/2025/QTR4/master.20251017.idx
2025-10-17 00:18:29,954 - __main__ - INFO - SEC ingestion completed: {'mode': 'recent', 'trades_processed': 0, 'trades_collected': 0, 'errors': 0, 'runtime_seconds': 42.10094, 'start_time': datetime.datetime(2025, 10, 17, 0, 16, 59, 718280), 'end_time': datetime.datetime(2025, 10, 17, 0, 17, 41, 819220)}
2025-10-17 00:18:29,956 - __main__ - INFO - 
==================================================
2025-10-17 00:18:29,957 - __main__ - INFO - INGESTION SUMMARY
2025-10-17 00:18:29,957 - __main__ - INFO - ==================================================
2025-10-17 00:18:29,957 - __main__ - ERROR - POLITICIANS: Failed - name 'logging' is not defined
2025-10-17 00:18:29,957 - __main__ - INFO - SEC: 0 trades collected
2025-10-17 00:18:29,957 - __main__ - INFO - 
Next steps:
2025-10-17 00:18:29,957 - __main__ - INFO - 1. Check data quality: python -m src.ingestion.data_normalizer --trades
2025-10-17 00:18:29,957 - __main__ - INFO - 2. Run backtests: python -m src.backtesting.backtester
2025-10-17 00:18:29,957 - __main__ - INFO - 3. View dashboard: python app.py
